[32minfo[39m: [32mGabe logged in[39m {"steamid":"76561198119135809"}
[32minfo[39m: [32mGabe added to Scout![39m
[32minfo[39m: [32mGabe removed from Scout[39m
[32minfo[39m: [32mGabe added to Scout![39m
[32minfo[39m: [32mGabe logged in[39m {"steamid":"76561198119135809"}
[33mwarn[39m: [33mJabe tried to add Demoman to their favorite classes, but it already is one[39m
[33mwarn[39m: [33mJabe tried to add Flex to their favorite classes, but it already is one[39m
[33mwarn[39m: [33mJabe tried to remove Jabe as from their favorite classes,[39m
[33m       but it is already non-existent[39m
[33mwarn[39m: [33mJabe tried to add Scout to their favorite classes, but it already is one[39m
[33mwarn[39m: [33mJabe tried to add Demoman to their favorite classes, but it already is one[39m
[33mwarn[39m: [33mJabe tried to add Flex to their favorite classes, but it already is one[39m
[33mwarn[39m: [33mJabe tried to remove Jabe as from their favorite classes,[39m
[33m       but it is already non-existent[39m
[33mwarn[39m: [33mJabe tried to add Scout to their favorite classes, but it already is one[39m
[33mwarn[39m: [33mJabe tried to add Demoman to their favorite classes, but it already is one[39m
[33mwarn[39m: [33mJabe tried to add Flex to their favorite classes, but it already is one[39m
[33mwarn[39m: [33mJabe tried to remove Jabe as from their favorite classes,[39m
[33m       but it is already non-existent[39m
[33mwarn[39m: [33mJabe tried to add Scout to their favorite classes, but it already is one[39m
[33mwarn[39m: [33mJabe tried to add Demoman to their favorite classes, but it already is one[39m
[33mwarn[39m: [33mJabe tried to add Flex to their favorite classes, but it already is one[39m
[33mwarn[39m: [33mJabe tried to remove Jabe as from their favorite classes,[39m
[33m       but it is already non-existent[39m
[33mwarn[39m: [33mJabe tried to add Scout to their favorite classes, but it already is one[39m
[33mwarn[39m: [33mJabe tried to add Demoman to their favorite classes, but it already is one[39m
[33mwarn[39m: [33mJabe tried to add Flex to their favorite classes, but it already is one[39m
[33mwarn[39m: [33mJabe tried to remove Jabe as from their favorite classes,[39m
[33m       but it is already non-existent[39m
[33mwarn[39m: [33mJabe tried to add Scout to their favorite classes, but it already is one[39m
[33mwarn[39m: [33mJabe tried to add Demoman to their favorite classes, but it already is one[39m
[33mwarn[39m: [33mJabe tried to add Flex to their favorite classes, but it already is one[39m
[33mwarn[39m: [33mJabe tried to remove Jabe as from their favorite classes,[39m
[33m       but it is already non-existent[39m
[33mwarn[39m: [33mJabe tried to add Scout to their favorite classes, but it already is one[39m
[33mwarn[39m: [33mJabe tried to add Demoman to their favorite classes, but it already is one[39m
[33mwarn[39m: [33mJabe tried to add Flex to their favorite classes, but it already is one[39m
[33mwarn[39m: [33mJabe tried to remove Jabe as from their favorite classes,[39m
[33m       but it is already non-existent[39m
[33mwarn[39m: [33mJabe tried to add Scout to their favorite classes, but it already is one[39m
[33mwarn[39m: [33mJabe tried to add Demoman to their favorite classes, but it already is one[39m
[33mwarn[39m: [33mJabe tried to add Flex to their favorite classes, but it already is one[39m
[33mwarn[39m: [33mJabe tried to remove Jabe as from their favorite classes,[39m
[33m       but it is already non-existent[39m
[33mwarn[39m: [33mJabe tried to add Scout to their favorite classes, but it already is one[39m
[33mwarn[39m: [33mJabe tried to add Demoman to their favorite classes, but it already is one[39m
[33mwarn[39m: [33mJabe tried to add Flex to their favorite classes, but it already is one[39m
[33mwarn[39m: [33mJabe tried to remove Jabe as from their favorite classes,[39m
[33m       but it is already non-existent[39m
[33mwarn[39m: [33mJabe tried to add Scout to their favorite classes, but it already is one[39m
[33mwarn[39m: [33mJabe tried to add Demoman to their favorite classes, but it already is one[39m
[33mwarn[39m: [33mJabe tried to add Flex to their favorite classes, but it already is one[39m
[33mwarn[39m: [33mJabe tried to remove Jabe as from their favorite classes,[39m
[33m       but it is already non-existent[39m
[33mwarn[39m: [33mJabe tried to add Scout to their favorite classes, but it already is one[39m
[33mwarn[39m: [33mJabe tried to add Demoman to their favorite classes, but it already is one[39m
[33mwarn[39m: [33mJabe tried to add Flex to their favorite classes, but it already is one[39m
[33mwarn[39m: [33mJabe tried to remove Demoman as from their favorite classes,[39m
[33m       but it is already non-existent[39m
[33mwarn[39m: [33mJabe tried to add Scout to their favorite classes, but it already is one[39m
[33mwarn[39m: [33mJabe tried to add Demoman to their favorite classes, but it already is one[39m
[33mwarn[39m: [33mJabe tried to add Flex to their favorite classes, but it already is one[39m
[33mwarn[39m: [33mJabe tried to remove Demoman as from their favorite classes,[39m
[33m       but it is already non-existent[39m
[33mwarn[39m: [33mJabe tried to add Scout to their favorite classes, but it already is one[39m
[33mwarn[39m: [33mJabe tried to add Demoman to their favorite classes, but it already is one[39m
[33mwarn[39m: [33mJabe tried to add Flex to their favorite classes, but it already is one[39m
[33mwarn[39m: [33mJabe tried to remove Demoman as from their favorite classes,[39m
[33m       but it is already non-existent[39m
[33mwarn[39m: [33mJabe tried to add Scout to their favorite classes, but it already is one[39m
[33mwarn[39m: [33mJabe tried to add Demoman to their favorite classes, but it already is one[39m
[33mwarn[39m: [33mJabe tried to add Flex to their favorite classes, but it already is one[39m
[33mwarn[39m: [33mJabe tried to remove Demoman as from their favorite classes,[39m
[33m       but it is already non-existent[39m
[33mwarn[39m: [33mJabe tried to add Scout to their favorite classes, but it already is one[39m
[33mwarn[39m: [33mJabe tried to add Demoman to their favorite classes, but it already is one[39m
[33mwarn[39m: [33mJabe tried to add Flex to their favorite classes, but it already is one[39m
[33mwarn[39m: [33mJabe tried to remove Demoman as from their favorite classes,[39m
[33m       but it is already non-existent[39m
[33mwarn[39m: [33mJabe tried to add Scout to their favorite classes, but it already is one[39m
[33mwarn[39m: [33mJabe tried to add Demoman to their favorite classes, but it already is one[39m
[33mwarn[39m: [33mJabe tried to add Flex to their favorite classes, but it already is one[39m
[33mwarn[39m: [33mJabe tried to remove Demoman as from their favorite classes,[39m
[33m       but it is already non-existent[39m
[33mwarn[39m: [33mJabe tried to add Scout to their favorite classes, but it already is one[39m
[33mwarn[39m: [33mJabe tried to add Demoman to their favorite classes, but it already is one[39m
[33mwarn[39m: [33mJabe tried to add Flex to their favorite classes, but it already is one[39m
[33mwarn[39m: [33mJabe tried to remove Demoman as from their favorite classes,[39m
[33m       but it is already non-existent[39m
[33mwarn[39m: [33mJabe tried to add Scout to their favorite classes, but it already is one[39m
[33mwarn[39m: [33mJabe tried to add Demoman to their favorite classes, but it already is one[39m
[33mwarn[39m: [33mJabe tried to add Flex to their favorite classes, but it already is one[39m
[33mwarn[39m: [33mJabe tried to remove Demoman as from their favorite classes,[39m
[33m       but it is already non-existent[39m
[33mwarn[39m: [33mJabe tried to add Scout to their favorite classes, but it already is one[39m
[33mwarn[39m: [33mJabe tried to add Demoman to their favorite classes, but it already is one[39m
[33mwarn[39m: [33mJabe tried to add Flex to their favorite classes, but it already is one[39m
[33mwarn[39m: [33mJabe tried to remove Demoman as from their favorite classes,[39m
[33m       but it is already non-existent[39m
[33mwarn[39m: [33mJabe tried to add Scout to their favorite classes, but it already is one[39m
[33mwarn[39m: [33mJabe tried to add Demoman to their favorite classes, but it already is one[39m
[33mwarn[39m: [33mJabe tried to add Flex to their favorite classes, but it already is one[39m
[33mwarn[39m: [33mJabe tried to remove Demoman as from their favorite classes,[39m
[33m       but it is already non-existent[39m
[33mwarn[39m: [33mJabe tried to add Scout to their favorite classes, but it already is one[39m
[33mwarn[39m: [33mJabe tried to add Demoman to their favorite classes, but it already is one[39m
[33mwarn[39m: [33mJabe tried to add Flex to their favorite classes, but it already is one[39m
[33mwarn[39m: [33mJabe tried to remove Demoman as from their favorite classes,[39m
[33m       but it is already non-existent[39m
[33mwarn[39m: [33mJabe tried to add Scout to their favorite classes, but it already is one[39m
[33mwarn[39m: [33mJabe tried to add Demoman to their favorite classes, but it already is one[39m
[33mwarn[39m: [33mJabe tried to add Flex to their favorite classes, but it already is one[39m
[33mwarn[39m: [33mJabe tried to remove Demoman as from their favorite classes,[39m
[33m       but it is already non-existent[39m
[33mwarn[39m: [33mJabe tried to add Scout to their favorite classes, but it already is one[39m
[33mwarn[39m: [33mJabe tried to add Demoman to their favorite classes, but it already is one[39m
[33mwarn[39m: [33mJabe tried to add Flex to their favorite classes, but it already is one[39m
[33mwarn[39m: [33mJabe tried to remove Demoman as from their favorite classes,[39m
[33m       but it is already non-existent[39m
[33mwarn[39m: [33mJabe tried to add Scout to their favorite classes, but it already is one[39m
[33mwarn[39m: [33mJabe tried to add Demoman to their favorite classes, but it already is one[39m
[33mwarn[39m: [33mJabe tried to add Flex to their favorite classes, but it already is one[39m
[33mwarn[39m: [33mJabe tried to remove Demoman as from their favorite classes,[39m
[33m       but it is already non-existent[39m
[33mwarn[39m: [33mJabe tried to add Scout to their favorite classes, but it already is one[39m
[33mwarn[39m: [33mJabe tried to add Demoman to their favorite classes, but it already is one[39m
[33mwarn[39m: [33mJabe tried to add Flex to their favorite classes, but it already is one[39m
[33mwarn[39m: [33mJabe tried to remove Demoman as from their favorite classes,[39m
[33m       but it is already non-existent[39m
[33mwarn[39m: [33mJabe tried to add Scout to their favorite classes, but it already is one[39m
[33mwarn[39m: [33mJabe tried to add Demoman to their favorite classes, but it already is one[39m
[33mwarn[39m: [33mJabe tried to add Flex to their favorite classes, but it already is one[39m
[33mwarn[39m: [33mJabe tried to remove Demoman as from their favorite classes,[39m
[33m       but it is already non-existent[39m
[33mwarn[39m: [33mJabe tried to add Scout to their favorite classes, but it already is one[39m
[33mwarn[39m: [33mJabe tried to add Demoman to their favorite classes, but it already is one[39m
[33mwarn[39m: [33mJabe tried to add Flex to their favorite classes, but it already is one[39m
[33mwarn[39m: [33mJabe tried to remove Demoman as from their favorite classes,[39m
[33m       but it is already non-existent[39m
[33mwarn[39m: [33mJabe tried to add Scout to their favorite classes, but it already is one[39m
[33mwarn[39m: [33mJabe tried to add Demoman to their favorite classes, but it already is one[39m
[33mwarn[39m: [33mJabe tried to add Flex to their favorite classes, but it already is one[39m
[33mwarn[39m: [33mJabe tried to remove Demoman as from their favorite classes,[39m
[33m       but it is already non-existent[39m
[33mwarn[39m: [33mJabe tried to add Scout to their favorite classes, but it already is one[39m
[33mwarn[39m: [33mJabe tried to add Demoman to their favorite classes, but it already is one[39m
[33mwarn[39m: [33mJabe tried to add Flex to their favorite classes, but it already is one[39m
[33mwarn[39m: [33mJabe tried to remove Demoman as from their favorite classes,[39m
[33m       but it is already non-existent[39m
[33mwarn[39m: [33mJabe tried to add Scout to their favorite classes, but it already is one[39m
[33mwarn[39m: [33mJabe tried to add Demoman to their favorite classes, but it already is one[39m
[33mwarn[39m: [33mJabe tried to add Flex to their favorite classes, but it already is one[39m
[33mwarn[39m: [33mJabe tried to remove Demoman as from their favorite classes,[39m
[33m       but it is already non-existent[39m
[33mwarn[39m: [33mJabe tried to add Scout to their favorite classes, but it already is one[39m
[33mwarn[39m: [33mJabe tried to add Demoman to their favorite classes, but it already is one[39m
[33mwarn[39m: [33mJabe tried to add Flex to their favorite classes, but it already is one[39m
[33mwarn[39m: [33mJabe tried to remove Demoman as from their favorite classes,[39m
[33m       but it is already non-existent[39m
[33mwarn[39m: [33mJabe tried to add Scout to their favorite classes, but it already is one[39m
[33mwarn[39m: [33mJabe tried to add Demoman to their favorite classes, but it already is one[39m
[33mwarn[39m: [33mJabe tried to add Flex to their favorite classes, but it already is one[39m
[33mwarn[39m: [33mJabe tried to remove Demoman as from their favorite classes,[39m
[33m       but it is already non-existent[39m
[33mwarn[39m: [33mJabe tried to add Scout to their favorite classes, but it already is one[39m
[33mwarn[39m: [33mJabe tried to add Demoman to their favorite classes, but it already is one[39m
[33mwarn[39m: [33mJabe tried to add Flex to their favorite classes, but it already is one[39m
[33mwarn[39m: [33mJabe tried to remove Demoman as from their favorite classes,[39m
[33m       but it is already non-existent[39m
[33mwarn[39m: [33mJabe tried to add Scout to their favorite classes, but it already is one[39m
[33mwarn[39m: [33mJabe tried to add Demoman to their favorite classes, but it already is one[39m
[33mwarn[39m: [33mJabe tried to add Flex to their favorite classes, but it already is one[39m
[33mwarn[39m: [33mJabe tried to remove Demoman as from their favorite classes,[39m
[33m       but it is already non-existent[39m
[33mwarn[39m: [33mJabe tried to add Scout to their favorite classes, but it already is one[39m
[33mwarn[39m: [33mJabe tried to add Demoman to their favorite classes, but it already is one[39m
[33mwarn[39m: [33mJabe tried to add Flex to their favorite classes, but it already is one[39m
[33mwarn[39m: [33mJabe tried to remove Demoman as from their favorite classes,[39m
[33m       but it is already non-existent[39m
[33mwarn[39m: [33mJabe tried to add Scout to their favorite classes, but it already is one[39m
[33mwarn[39m: [33mJabe tried to add Demoman to their favorite classes, but it already is one[39m
[33mwarn[39m: [33mJabe tried to add Flex to their favorite classes, but it already is one[39m
[33mwarn[39m: [33mJabe tried to remove Demoman as from their favorite classes,[39m
[33m       but it is already non-existent[39m
[33mwarn[39m: [33mJabe tried to add Scout to their favorite classes, but it already is one[39m
[33mwarn[39m: [33mJabe tried to add Demoman to their favorite classes, but it already is one[39m
[33mwarn[39m: [33mJabe tried to add Flex to their favorite classes, but it already is one[39m
[33mwarn[39m: [33mJabe tried to remove Demoman as from their favorite classes,[39m
[33m       but it is already non-existent[39m
[33mwarn[39m: [33mJabe tried to add Scout to their favorite classes, but it already is one[39m
[33mwarn[39m: [33mJabe tried to add Demoman to their favorite classes, but it already is one[39m
[33mwarn[39m: [33mJabe tried to add Flex to their favorite classes, but it already is one[39m
[33mwarn[39m: [33mJabe tried to remove Demoman as from their favorite classes,[39m
[33m       but it is already non-existent[39m
[33mwarn[39m: [33mJabe tried to add Scout to their favorite classes, but it already is one[39m
[33mwarn[39m: [33mJabe tried to add Demoman to their favorite classes, but it already is one[39m
[33mwarn[39m: [33mJabe tried to add Flex to their favorite classes, but it already is one[39m
[33mwarn[39m: [33mJabe tried to remove Demoman as from their favorite classes,[39m
[33m       but it is already non-existent[39m
[33mwarn[39m: [33mJabe tried to add Scout to their favorite classes, but it already is one[39m
[33mwarn[39m: [33mJabe tried to add Demoman to their favorite classes, but it already is one[39m
[33mwarn[39m: [33mJabe tried to add Flex to their favorite classes, but it already is one[39m
[33mwarn[39m: [33mJabe tried to remove Demoman as from their favorite classes,[39m
[33m       but it is already non-existent[39m
[33mwarn[39m: [33mJabe tried to add Scout to their favorite classes, but it already is one[39m
[33mwarn[39m: [33mJabe tried to remove Demoman as from their favorite classes,[39m
[33m       but it is already non-existent[39m
[33mwarn[39m: [33mJabe tried to remove Demoman as from their favorite classes,[39m
[33m       but it is already non-existent[39m
[32minfo[39m: [32mGabe logged in[39m {"steamid":"76561198119135809"}
[32minfo[39m: [32mGabe logged in[39m {"steamid":"76561198119135809"}
[32minfo[39m: [32mGabe logged in[39m {"steamid":"76561198119135809"}
[32minfo[39m: [32mGabe logged in[39m {"steamid":"76561198119135809"}
[32minfo[39m: [32mGabe logged in[39m {"steamid":"76561198119135809"}
[32minfo[39m: [32mGabe logged in[39m {"steamid":"76561198119135809"}
[31merror[39m: [31mTypeError: Cannot read property 'favoriteClasses' of null[39m
[31m    at Function.PlayerSettings.matchesStructure (C:\Users\kusla\WebstormProjects\HLPugs\Intel\dist\structures\PlayerSettings.js:35:60)[39m
[31m    at Object.<anonymous> (C:\Users\kusla\WebstormProjects\HLPugs\Intel\dist\modules\login.js:75:55)[39m
[31m    at step (C:\Users\kusla\WebstormProjects\HLPugs\Intel\dist\modules\login.js:32:23)[39m
[31m    at Object.next (C:\Users\kusla\WebstormProjects\HLPugs\Intel\dist\modules\login.js:13:53)[39m
[31m    at fulfilled (C:\Users\kusla\WebstormProjects\HLPugs\Intel\dist\modules\login.js:4:58)[39m
[31m    at <anonymous>[39m
[31m    at process._tickCallback (internal/process/next_tick.js:188:7)[39m
[31merror[39m: [31mTypeError: Cannot read property 'favoriteClasses' of null[39m
[31m    at Function.PlayerSettings.matchesStructure (C:\Users\kusla\WebstormProjects\HLPugs\Intel\dist\structures\PlayerSettings.js:35:25)[39m
[31m    at Object.<anonymous> (C:\Users\kusla\WebstormProjects\HLPugs\Intel\dist\modules\login.js:75:55)[39m
[31m    at step (C:\Users\kusla\WebstormProjects\HLPugs\Intel\dist\modules\login.js:32:23)[39m
[31m    at Object.next (C:\Users\kusla\WebstormProjects\HLPugs\Intel\dist\modules\login.js:13:53)[39m
[31m    at fulfilled (C:\Users\kusla\WebstormProjects\HLPugs\Intel\dist\modules\login.js:4:58)[39m
[31m    at <anonymous>[39m
[31m    at process._tickCallback (internal/process/next_tick.js:188:7)[39m
[31merror[39m: [31m[31merror[31m[39m
[31merror[39m: [31mTypeError: Cannot read property 'favoriteClasses' of null[39m
[31m    at Function.PlayerSettings.matchesStructure (C:\Users\kusla\WebstormProjects\HLPugs\Intel\dist\structures\PlayerSettings.js:36:25)[39m
[31m    at Object.<anonymous> (C:\Users\kusla\WebstormProjects\HLPugs\Intel\dist\modules\login.js:75:55)[39m
[31m    at step (C:\Users\kusla\WebstormProjects\HLPugs\Intel\dist\modules\login.js:32:23)[39m
[31m    at Object.next (C:\Users\kusla\WebstormProjects\HLPugs\Intel\dist\modules\login.js:13:53)[39m
[31m    at fulfilled (C:\Users\kusla\WebstormProjects\HLPugs\Intel\dist\modules\login.js:4:58)[39m
[31m    at <anonymous>[39m
[31m    at process._tickCallback (internal/process/next_tick.js:188:7)[39m
[31merror[39m: [31mTypeError: Cannot read property 'favoriteClasses' of null[39m
[31m    at Function.PlayerSettings.matchesStructure (C:\Users\kusla\WebstormProjects\HLPugs\Intel\dist\structures\PlayerSettings.js:36:25)[39m
[31m    at Object.<anonymous> (C:\Users\kusla\WebstormProjects\HLPugs\Intel\dist\modules\login.js:76:55)[39m
[31m    at step (C:\Users\kusla\WebstormProjects\HLPugs\Intel\dist\modules\login.js:32:23)[39m
[31m    at Object.next (C:\Users\kusla\WebstormProjects\HLPugs\Intel\dist\modules\login.js:13:53)[39m
[31m    at fulfilled (C:\Users\kusla\WebstormProjects\HLPugs\Intel\dist\modules\login.js:4:58)[39m
[31m    at <anonymous>[39m
[31m    at process._tickCallback (internal/process/next_tick.js:188:7)[39m
[32minfo[39m: [32mGabe logged in[39m {"steamid":"76561198119135809"}
[32minfo[39m: [32mGabe logged in[39m {"steamid":"76561198119135809"}
[32minfo[39m: [32mGabe logged in[39m {"steamid":"76561198119135809"}
